Using pre-set license
Built from '2020.3/staging' branch; Version is '2020.3.0f1 (c7b5465681fb) revision 13088070'; Using compiler version '192528614'; Build Type 'Release'
OS: 'Windows 10 Enterprise N; OS build 18363.1500; Version 1909; 64bit' Language: 'pl' Physical Memory: 16334 MB
BatchMode: 1, IsHumanControllingUs: 0, StartBugReporterOnCrash: 0, Is64bit: 1, IsPro: 0

 COMMAND LINE ARGUMENTS:
N:\2020.3.0f1\Editor\Unity.exe
-adb2
-batchMode
-noUpm
-name
AssetImportWorker0
-projectPath
N:/UnityProjects/Inzynierka/Inzynierka/GameServer
-logFile
Logs/AssetImportWorker0.log
-srvPort
52162
Successfully changed project path to: N:/UnityProjects/Inzynierka/Inzynierka/GameServer
N:/UnityProjects/Inzynierka/Inzynierka/GameServer
Using Asset Import Pipeline V2.
Refreshing native plugins compatible for Editor in 23.98 ms, found 0 plugins.
Preloading 0 native plugins for Editor in 0.00 ms.
Initialize engine version: 2020.3.0f1 (c7b5465681fb)
[Subsystems] Discovering subsystems at path N:/2020.3.0f1/Editor/Data/Resources/UnitySubsystems
[Subsystems] Discovering subsystems at path N:/UnityProjects/Inzynierka/Inzynierka/GameServer/Assets
GfxDevice: creating device client; threaded=0
Direct3D:
    Version:  Direct3D 11.0 [level 11.1]
    Renderer: NVIDIA GeForce GTX 1060 6GB (ID=0x1c03)
    Vendor:   
    VRAM:     6052 MB
    Driver:   27.21.14.6611
Initialize mono
Mono path[0] = 'N:/2020.3.0f1/Editor/Data/Managed'
Mono path[1] = 'N:/2020.3.0f1/Editor/Data/MonoBleedingEdge/lib/mono/unityjit'
Mono config path = 'N:/2020.3.0f1/Editor/Data/MonoBleedingEdge/etc'
Using monoOptions --debugger-agent=transport=dt_socket,embedding=1,server=y,suspend=n,address=127.0.0.1:56008
Begin MonoManager ReloadAssembly
Registering precompiled unity dll's ...
Register platform support module: N:/2020.3.0f1/Editor/Data/PlaybackEngines/WindowsStandaloneSupport/UnityEditor.WindowsStandalone.Extensions.dll
Register platform support module: N:/2020.3.0f1/Editor/Data/PlaybackEngines/LinuxStandaloneSupport/UnityEditor.LinuxStandalone.Extensions.dll
Registered in 0.001498 seconds.
Native extension for LinuxStandalone target not found
Native extension for WindowsStandalone target not found
Refreshing native plugins compatible for Editor in 23.16 ms, found 0 plugins.
Preloading 0 native plugins for Editor in 0.00 ms.
Invoked RoslynAnalysisRunner static constructor.
RoslynAnalysisRunner will not be running.
RoslynAnalysisRunner has terminated.
Mono: successfully reloaded assembly
- Completed reload, in  1.544 seconds
Platform modules already initialized, skipping
Registering precompiled user dll's ...
Registered in 0.000719 seconds.
Begin MonoManager ReloadAssembly
Native extension for LinuxStandalone target not found
Native extension for WindowsStandalone target not found
Refreshing native plugins compatible for Editor in 0.20 ms, found 0 plugins.
Preloading 0 native plugins for Editor in 0.00 ms.
Invoked RoslynAnalysisRunner static constructor.
RoslynAnalysisRunner will not be running.
RoslynAnalysisRunner has terminated.
Mono: successfully reloaded assembly
- Completed reload, in  0.914 seconds
Platform modules already initialized, skipping
========================================================================
Worker process is ready to serve import requests
Launched and connected shader compiler UnityShaderCompiler.exe after 0.06 seconds
Refreshing native plugins compatible for Editor in 0.19 ms, found 0 plugins.
Preloading 0 native plugins for Editor in 0.00 ms.
Unloading 1127 Unused Serialized files (Serialized files now loaded: 0)
System memory in use before: 57.9 MB.
System memory in use after: 57.9 MB.

Unloading 10 unused Assets to reduce memory usage. Loaded Objects now: 1573.
Total: 1.656200 ms (FindLiveObjects: 0.126000 ms CreateObjectMapping: 0.028400 ms MarkObjects: 1.426900 ms  DeleteObjects: 0.073900 ms)

========================================================================
Received Import Request.
  path: Assets/Tree_Textures
  artifactKey: Guid(6b9caf49432ee424e955179b0328aa0a) Importer(815301076,1909f56bfc062723c751e8b465ee728b)
Start importing Assets/Tree_Textures using Guid(6b9caf49432ee424e955179b0328aa0a) Importer(815301076,1909f56bfc062723c751e8b465ee728b)  -> (artifact id: '5e4697ff4c668fc80caf6194bc427395') in 0.004177 seconds
  Import took 0.006312 seconds .

========================================================================
Received Import Request.
  Time since last request: 2.276376 seconds.
  path: Assets/Tree_Textures/diffuse.png
  artifactKey: Guid(5c32e1c218ec5e949a8200ced4721b58) Importer(815301076,1909f56bfc062723c751e8b465ee728b)
Start importing Assets/Tree_Textures/diffuse.png using Guid(5c32e1c218ec5e949a8200ced4721b58) Importer(815301076,1909f56bfc062723c751e8b465ee728b)  -> (artifact id: '3498dd287b224ad53c0af211cf10e1e6') in 0.097372 seconds
  Import took 0.099237 seconds .

========================================================================
Received Import Request.
  Time since last request: 0.000241 seconds.
  path: Assets/Tree_Textures/translucency_gloss.png
  artifactKey: Guid(11878606aeea9de499e38ad761f82e7b) Importer(815301076,1909f56bfc062723c751e8b465ee728b)
Start importing Assets/Tree_Textures/translucency_gloss.png using Guid(11878606aeea9de499e38ad761f82e7b) Importer(815301076,1909f56bfc062723c751e8b465ee728b)  -> (artifact id: '55b1403572ae1f4fc695a76bf30cc791') in 0.006312 seconds
  Import took 0.007960 seconds .

========================================================================
Received Import Request.
  Time since last request: 0.000216 seconds.
  path: Assets/Tree_Textures/normal_specular.png
  artifactKey: Guid(eefc87e54952ea240abd58821f597ba3) Importer(815301076,1909f56bfc062723c751e8b465ee728b)
Start importing Assets/Tree_Textures/normal_specular.png using Guid(eefc87e54952ea240abd58821f597ba3) Importer(815301076,1909f56bfc062723c751e8b465ee728b)  -> (artifact id: '9c5f331b5193c711bc07e2af1a5ba235') in 0.005939 seconds
  Import took 0.007616 seconds .

========================================================================
Received Import Request.
  Time since last request: 0.000321 seconds.
  path: Assets/Tree_Textures/shadow.png
  artifactKey: Guid(534fc1d465ca89f4696dfbf9a7a3e860) Importer(815301076,1909f56bfc062723c751e8b465ee728b)
Start importing Assets/Tree_Textures/shadow.png using Guid(534fc1d465ca89f4696dfbf9a7a3e860) Importer(815301076,1909f56bfc062723c751e8b465ee728b)  -> (artifact id: 'd2e39dc4797e171c4ec0b64dc637b813') in 0.006109 seconds
  Import took 0.008097 seconds .

